[2023-09-08 17:05:01] main.INFO: Starting worker 01dc4ba136ee:429:default {"type":"start","worker":"01dc4ba136ee:429:default"} []
[2023-09-08 17:05:02] main.INFO: Starting worker 01dc4ba136ee:445:prio {"type":"start","worker":"01dc4ba136ee:445:prio"} []
[2023-09-08 17:05:02] main.INFO: Starting worker 01dc4ba136ee:461:cache {"type":"start","worker":"01dc4ba136ee:461:cache"} []
[2023-09-08 17:05:03] main.INFO: Starting worker 01dc4ba136ee:477:email {"type":"start","worker":"01dc4ba136ee:477:email"} []
[2023-09-08 17:05:03] main.INFO: Starting worker 01dc4ba136ee:493:update {"type":"start","worker":"01dc4ba136ee:493:update"} []
[2023-09-08 17:05:13] main.INFO: got {"queue":"update","id":"d6ae44a6d36bd137105fb97f63524051","class":"AdminShell","args":[["runUpdates",1]]} {"type":"got","args":"[object] (Resque_Job: {\"queue\":\"update\",\"id\":\"d6ae44a6d36bd137105fb97f63524051\",\"class\":\"AdminShell\",\"args\":[[\"runUpdates\",1]]})","worker":"01dc4ba136ee:493"} []
[2023-09-08 17:05:13] main.INFO: Processing ID:d6ae44a6d36bd137105fb97f63524051 in update {"type":"process","worker":"01dc4ba136ee:493","job_id":"d6ae44a6d36bd137105fb97f63524051"} []
[2023-09-08 17:05:22] main.INFO: got {"queue":"default","id":"d632dd7ec907256b8fcb050fd2dcd948","class":"AdminShell","args":[["truncateTable",0,"Legacy",3]]} {"type":"got","args":"[object] (Resque_Job: {\"queue\":\"default\",\"id\":\"d632dd7ec907256b8fcb050fd2dcd948\",\"class\":\"AdminShell\",\"args\":[[\"truncateTable\",0,\"Legacy\",3]]})","worker":"01dc4ba136ee:429"} []
[2023-09-08 17:05:22] main.INFO: Processing ID:d632dd7ec907256b8fcb050fd2dcd948 in default {"type":"process","worker":"01dc4ba136ee:429","job_id":"d632dd7ec907256b8fcb050fd2dcd948"} []
[2023-09-08 17:05:22] main.INFO: done ID:d632dd7ec907256b8fcb050fd2dcd948 {"type":"done","job_id":"d632dd7ec907256b8fcb050fd2dcd948","time":96,"worker":"01dc4ba136ee:429"} []
[2023-09-08 17:05:22] main.INFO: got {"queue":"default","id":"0c5d6d8a418bdcf0669d81a96894a8b5","class":"AdminShell","args":[["jobGenerateCorrelation",4]]} {"type":"got","args":"[object] (Resque_Job: {\"queue\":\"default\",\"id\":\"0c5d6d8a418bdcf0669d81a96894a8b5\",\"class\":\"AdminShell\",\"args\":[[\"jobGenerateCorrelation\",4]]})","worker":"01dc4ba136ee:429"} []
[2023-09-08 17:05:22] main.INFO: Processing ID:0c5d6d8a418bdcf0669d81a96894a8b5 in default {"type":"process","worker":"01dc4ba136ee:429","job_id":"0c5d6d8a418bdcf0669d81a96894a8b5"} []
[2023-09-08 17:05:28] main.INFO: done ID:0c5d6d8a418bdcf0669d81a96894a8b5 {"type":"done","job_id":"0c5d6d8a418bdcf0669d81a96894a8b5","time":6674,"worker":"01dc4ba136ee:429"} []
[2023-09-08 17:05:29] main.INFO: done ID:d6ae44a6d36bd137105fb97f63524051 {"type":"done","job_id":"d6ae44a6d36bd137105fb97f63524051","time":15530,"worker":"01dc4ba136ee:493"} []
[2023-09-08 17:05:29] main.INFO: got {"queue":"update","id":"f70b3a9ba9eb819e1f5db61079e2f8b8","class":"AdminShell","args":[["runUpdates",2]]} {"type":"got","args":"[object] (Resque_Job: {\"queue\":\"update\",\"id\":\"f70b3a9ba9eb819e1f5db61079e2f8b8\",\"class\":\"AdminShell\",\"args\":[[\"runUpdates\",2]]})","worker":"01dc4ba136ee:493"} []
[2023-09-08 17:05:29] main.INFO: Processing ID:f70b3a9ba9eb819e1f5db61079e2f8b8 in update {"type":"process","worker":"01dc4ba136ee:493","job_id":"f70b3a9ba9eb819e1f5db61079e2f8b8"} []
[2023-09-08 17:05:29] main.INFO: done ID:f70b3a9ba9eb819e1f5db61079e2f8b8 {"type":"done","job_id":"f70b3a9ba9eb819e1f5db61079e2f8b8","time":159,"worker":"01dc4ba136ee:493"} []
[2023-09-08 18:05:06] main.INFO: Exiting... {"type":"shutdown","worker":"01dc4ba136ee:429"} []
[2023-09-08 18:05:06] main.INFO: Exiting... {"type":"shutdown","worker":"01dc4ba136ee:493"} []
[2023-09-08 18:05:06] main.INFO: Exiting... {"type":"shutdown","worker":"01dc4ba136ee:477"} []
[2023-09-08 18:05:06] main.INFO: Exiting... {"type":"shutdown","worker":"01dc4ba136ee:445"} []
[2023-09-08 18:05:06] main.INFO: Exiting... {"type":"shutdown","worker":"01dc4ba136ee:461"} []
[2023-09-08 18:05:06] main.INFO: Starting worker 01dc4ba136ee:641:default {"type":"start","worker":"01dc4ba136ee:641:default"} []
[2023-09-08 18:05:07] main.INFO: Starting worker 01dc4ba136ee:657:prio {"type":"start","worker":"01dc4ba136ee:657:prio"} []
[2023-09-08 18:05:07] main.INFO: Starting worker 01dc4ba136ee:673:cache {"type":"start","worker":"01dc4ba136ee:673:cache"} []
[2023-09-08 18:05:07] main.INFO: Starting worker 01dc4ba136ee:689:email {"type":"start","worker":"01dc4ba136ee:689:email"} []
[2023-09-08 18:05:08] main.INFO: Starting worker 01dc4ba136ee:705:update {"type":"start","worker":"01dc4ba136ee:705:update"} []
[2023-09-08 19:05:11] main.INFO: Exiting... {"type":"shutdown","worker":"01dc4ba136ee:657"} []
[2023-09-08 19:05:11] main.INFO: Exiting... {"type":"shutdown","worker":"01dc4ba136ee:705"} []
[2023-09-08 19:05:11] main.INFO: Exiting... {"type":"shutdown","worker":"01dc4ba136ee:673"} []
[2023-09-08 19:05:11] main.INFO: Exiting... {"type":"shutdown","worker":"01dc4ba136ee:689"} []
[2023-09-08 19:05:11] main.INFO: Starting worker 01dc4ba136ee:849:default {"type":"start","worker":"01dc4ba136ee:849:default"} []
[2023-09-08 19:05:11] main.INFO: Exiting... {"type":"shutdown","worker":"01dc4ba136ee:641"} []
[2023-09-08 19:05:12] main.INFO: Starting worker 01dc4ba136ee:865:prio {"type":"start","worker":"01dc4ba136ee:865:prio"} []
[2023-09-08 19:05:12] main.INFO: Starting worker 01dc4ba136ee:881:cache {"type":"start","worker":"01dc4ba136ee:881:cache"} []
[2023-09-08 19:05:12] main.INFO: Starting worker 01dc4ba136ee:897:email {"type":"start","worker":"01dc4ba136ee:897:email"} []
[2023-09-08 19:05:13] main.INFO: Starting worker 01dc4ba136ee:913:update {"type":"start","worker":"01dc4ba136ee:913:update"} []
[2023-09-08 19:29:28] main.INFO: Starting worker 891a1a004f2f:448:default {"type":"start","worker":"891a1a004f2f:448:default"} []
[2023-09-08 19:29:28] main.INFO: Starting worker 891a1a004f2f:464:prio {"type":"start","worker":"891a1a004f2f:464:prio"} []
[2023-09-08 19:29:28] main.INFO: Starting worker 891a1a004f2f:480:cache {"type":"start","worker":"891a1a004f2f:480:cache"} []
[2023-09-08 19:29:29] main.INFO: Starting worker 891a1a004f2f:496:email {"type":"start","worker":"891a1a004f2f:496:email"} []
[2023-09-08 19:29:29] main.INFO: Starting worker 891a1a004f2f:512:update {"type":"start","worker":"891a1a004f2f:512:update"} []
[2023-09-08 19:51:42] main.INFO: Starting worker b4ac8c685baf:415:default {"type":"start","worker":"b4ac8c685baf:415:default"} []
[2023-09-08 19:51:43] main.INFO: Starting worker b4ac8c685baf:431:prio {"type":"start","worker":"b4ac8c685baf:431:prio"} []
[2023-09-08 19:51:43] main.INFO: Starting worker b4ac8c685baf:447:cache {"type":"start","worker":"b4ac8c685baf:447:cache"} []
[2023-09-08 19:51:44] main.INFO: Starting worker b4ac8c685baf:463:email {"type":"start","worker":"b4ac8c685baf:463:email"} []
[2023-09-08 19:51:44] main.INFO: Starting worker b4ac8c685baf:479:update {"type":"start","worker":"b4ac8c685baf:479:update"} []
