[2023-09-12 18:16:14] main.INFO: Starting worker d0202a043818:421:default {"type":"start","worker":"d0202a043818:421:default"} []
[2023-09-12 18:16:14] main.INFO: Starting worker d0202a043818:437:prio {"type":"start","worker":"d0202a043818:437:prio"} []
[2023-09-12 18:16:14] main.INFO: Starting worker d0202a043818:453:cache {"type":"start","worker":"d0202a043818:453:cache"} []
[2023-09-12 18:16:17] main.INFO: Starting worker d0202a043818:469:email {"type":"start","worker":"d0202a043818:469:email"} []
[2023-09-12 18:16:17] main.INFO: Starting worker d0202a043818:485:update {"type":"start","worker":"d0202a043818:485:update"} []
[2023-09-12 18:32:26] main.INFO: Starting worker 6a4358712901:451:default {"type":"start","worker":"6a4358712901:451:default"} []
[2023-09-12 18:32:27] main.INFO: Starting worker 6a4358712901:467:prio {"type":"start","worker":"6a4358712901:467:prio"} []
[2023-09-12 18:32:27] main.INFO: Starting worker 6a4358712901:483:cache {"type":"start","worker":"6a4358712901:483:cache"} []
[2023-09-12 18:32:28] main.INFO: Starting worker 6a4358712901:499:email {"type":"start","worker":"6a4358712901:499:email"} []
[2023-09-12 18:32:28] main.INFO: Starting worker 6a4358712901:515:update {"type":"start","worker":"6a4358712901:515:update"} []
[2023-09-12 18:52:14] main.INFO: Starting worker fd0b97dbe777:417:default {"type":"start","worker":"fd0b97dbe777:417:default"} []
[2023-09-12 18:52:15] main.INFO: Starting worker fd0b97dbe777:433:prio {"type":"start","worker":"fd0b97dbe777:433:prio"} []
[2023-09-12 18:52:17] main.INFO: Starting worker fd0b97dbe777:449:cache {"type":"start","worker":"fd0b97dbe777:449:cache"} []
[2023-09-12 18:52:18] main.INFO: Starting worker fd0b97dbe777:465:email {"type":"start","worker":"fd0b97dbe777:465:email"} []
[2023-09-12 18:52:18] main.INFO: Starting worker fd0b97dbe777:481:update {"type":"start","worker":"fd0b97dbe777:481:update"} []
[2023-09-12 19:14:34] main.INFO: Starting worker cde78ab79d9b:402:default {"type":"start","worker":"cde78ab79d9b:402:default"} []
[2023-09-12 19:14:34] main.INFO: Starting worker cde78ab79d9b:417:prio {"type":"start","worker":"cde78ab79d9b:417:prio"} []
[2023-09-12 19:14:34] main.INFO: Starting worker cde78ab79d9b:434:cache {"type":"start","worker":"cde78ab79d9b:434:cache"} []
[2023-09-12 19:14:34] main.INFO: Starting worker cde78ab79d9b:450:email {"type":"start","worker":"cde78ab79d9b:450:email"} []
[2023-09-12 19:14:35] main.INFO: Starting worker cde78ab79d9b:466:update {"type":"start","worker":"cde78ab79d9b:466:update"} []
[2023-09-12 19:28:01] main.INFO: Starting worker f8d7e6f995b8:389:default {"type":"start","worker":"f8d7e6f995b8:389:default"} []
[2023-09-12 19:28:02] main.INFO: Starting worker f8d7e6f995b8:405:prio {"type":"start","worker":"f8d7e6f995b8:405:prio"} []
[2023-09-12 19:28:02] main.INFO: Starting worker f8d7e6f995b8:421:cache {"type":"start","worker":"f8d7e6f995b8:421:cache"} []
[2023-09-12 19:28:02] main.INFO: Starting worker f8d7e6f995b8:437:email {"type":"start","worker":"f8d7e6f995b8:437:email"} []
[2023-09-12 19:28:03] main.INFO: Starting worker f8d7e6f995b8:453:update {"type":"start","worker":"f8d7e6f995b8:453:update"} []
[2023-09-12 20:09:13] main.INFO: Starting worker 7886d91c705c:454:default {"type":"start","worker":"7886d91c705c:454:default"} []
[2023-09-12 20:09:14] main.INFO: Starting worker 7886d91c705c:470:prio {"type":"start","worker":"7886d91c705c:470:prio"} []
[2023-09-12 20:09:14] main.INFO: Starting worker 7886d91c705c:486:cache {"type":"start","worker":"7886d91c705c:486:cache"} []
[2023-09-12 20:09:15] main.INFO: Starting worker 7886d91c705c:502:email {"type":"start","worker":"7886d91c705c:502:email"} []
[2023-09-12 20:09:15] main.INFO: Starting worker 7886d91c705c:518:update {"type":"start","worker":"7886d91c705c:518:update"} []
[2023-09-12 20:16:05] main.INFO: Starting worker fbb63e4602ef:405:default {"type":"start","worker":"fbb63e4602ef:405:default"} []
[2023-09-12 20:16:06] main.INFO: Starting worker fbb63e4602ef:421:prio {"type":"start","worker":"fbb63e4602ef:421:prio"} []
[2023-09-12 20:16:06] main.INFO: Starting worker fbb63e4602ef:437:cache {"type":"start","worker":"fbb63e4602ef:437:cache"} []
[2023-09-12 20:16:07] main.INFO: Starting worker fbb63e4602ef:453:email {"type":"start","worker":"fbb63e4602ef:453:email"} []
[2023-09-12 20:16:07] main.INFO: Starting worker fbb63e4602ef:469:update {"type":"start","worker":"fbb63e4602ef:469:update"} []
[2023-09-12 20:48:16] main.INFO: Starting worker c7ff226d1e24:399:default {"type":"start","worker":"c7ff226d1e24:399:default"} []
[2023-09-12 20:48:16] main.INFO: Starting worker c7ff226d1e24:415:prio {"type":"start","worker":"c7ff226d1e24:415:prio"} []
[2023-09-12 20:48:17] main.INFO: Starting worker c7ff226d1e24:431:cache {"type":"start","worker":"c7ff226d1e24:431:cache"} []
[2023-09-12 20:48:17] main.INFO: Starting worker c7ff226d1e24:447:email {"type":"start","worker":"c7ff226d1e24:447:email"} []
[2023-09-12 20:48:18] main.INFO: Starting worker c7ff226d1e24:463:update {"type":"start","worker":"c7ff226d1e24:463:update"} []
[2023-09-12 21:05:08] main.INFO: Starting worker eda94a5dce12:401:default {"type":"start","worker":"eda94a5dce12:401:default"} []
[2023-09-12 21:05:08] main.INFO: Starting worker eda94a5dce12:417:prio {"type":"start","worker":"eda94a5dce12:417:prio"} []
[2023-09-12 21:05:10] main.INFO: Starting worker eda94a5dce12:433:cache {"type":"start","worker":"eda94a5dce12:433:cache"} []
[2023-09-12 21:05:10] main.INFO: Starting worker eda94a5dce12:449:email {"type":"start","worker":"eda94a5dce12:449:email"} []
[2023-09-12 21:05:11] main.INFO: Starting worker eda94a5dce12:465:update {"type":"start","worker":"eda94a5dce12:465:update"} []
[2023-09-12 21:10:44] main.INFO: Starting worker df3c5d53e81d:373:default {"type":"start","worker":"df3c5d53e81d:373:default"} []
[2023-09-12 21:10:44] main.INFO: Starting worker df3c5d53e81d:389:prio {"type":"start","worker":"df3c5d53e81d:389:prio"} []
[2023-09-12 21:10:45] main.INFO: Starting worker df3c5d53e81d:405:cache {"type":"start","worker":"df3c5d53e81d:405:cache"} []
[2023-09-12 21:10:45] main.INFO: Starting worker df3c5d53e81d:421:email {"type":"start","worker":"df3c5d53e81d:421:email"} []
[2023-09-12 21:10:46] main.INFO: Starting worker df3c5d53e81d:437:update {"type":"start","worker":"df3c5d53e81d:437:update"} []
[2023-09-12 22:10:47] main.INFO: Exiting... {"type":"shutdown","worker":"df3c5d53e81d:389"} []
[2023-09-12 22:10:47] main.INFO: Exiting... {"type":"shutdown","worker":"df3c5d53e81d:421"} []
[2023-09-12 22:10:47] main.INFO: Exiting... {"type":"shutdown","worker":"df3c5d53e81d:437"} []
[2023-09-12 22:10:47] main.INFO: Exiting... {"type":"shutdown","worker":"df3c5d53e81d:373"} []
[2023-09-12 22:10:47] main.INFO: Exiting... {"type":"shutdown","worker":"df3c5d53e81d:405"} []
[2023-09-12 22:10:47] main.INFO: Starting worker df3c5d53e81d:583:default {"type":"start","worker":"df3c5d53e81d:583:default"} []
[2023-09-12 22:10:48] main.INFO: Starting worker df3c5d53e81d:599:prio {"type":"start","worker":"df3c5d53e81d:599:prio"} []
[2023-09-12 22:10:48] main.INFO: Starting worker df3c5d53e81d:615:cache {"type":"start","worker":"df3c5d53e81d:615:cache"} []
[2023-09-12 22:10:48] main.INFO: Starting worker df3c5d53e81d:631:email {"type":"start","worker":"df3c5d53e81d:631:email"} []
[2023-09-12 22:10:49] main.INFO: Starting worker df3c5d53e81d:647:update {"type":"start","worker":"df3c5d53e81d:647:update"} []
[2023-09-12 23:10:50] main.INFO: Exiting... {"type":"shutdown","worker":"df3c5d53e81d:583"} []
[2023-09-12 23:10:50] main.INFO: Exiting... {"type":"shutdown","worker":"df3c5d53e81d:647"} []
[2023-09-12 23:10:50] main.INFO: Exiting... {"type":"shutdown","worker":"df3c5d53e81d:599"} []
[2023-09-12 23:10:50] main.INFO: Exiting... {"type":"shutdown","worker":"df3c5d53e81d:615"} []
[2023-09-12 23:10:50] main.INFO: Exiting... {"type":"shutdown","worker":"df3c5d53e81d:631"} []
[2023-09-12 23:10:50] main.INFO: Starting worker df3c5d53e81d:791:default {"type":"start","worker":"df3c5d53e81d:791:default"} []
[2023-09-12 23:10:50] main.INFO: Starting worker df3c5d53e81d:807:prio {"type":"start","worker":"df3c5d53e81d:807:prio"} []
[2023-09-12 23:10:50] main.INFO: Starting worker df3c5d53e81d:823:cache {"type":"start","worker":"df3c5d53e81d:823:cache"} []
[2023-09-12 23:10:51] main.INFO: Starting worker df3c5d53e81d:839:email {"type":"start","worker":"df3c5d53e81d:839:email"} []
[2023-09-12 23:10:51] main.INFO: Starting worker df3c5d53e81d:855:update {"type":"start","worker":"df3c5d53e81d:855:update"} []
