[2023-09-13 13:16:56] main.INFO: Starting worker 685223c688ab:560:default {"type":"start","worker":"685223c688ab:560:default"} []
[2023-09-13 13:16:57] main.INFO: Starting worker 685223c688ab:576:prio {"type":"start","worker":"685223c688ab:576:prio"} []
[2023-09-13 13:16:57] main.INFO: Starting worker 685223c688ab:592:cache {"type":"start","worker":"685223c688ab:592:cache"} []
[2023-09-13 13:16:58] main.INFO: Starting worker 685223c688ab:608:email {"type":"start","worker":"685223c688ab:608:email"} []
[2023-09-13 13:16:58] main.INFO: Starting worker 685223c688ab:624:update {"type":"start","worker":"685223c688ab:624:update"} []
[2023-09-13 13:45:00] main.INFO: Starting worker 33eb068a7486:481:default {"type":"start","worker":"33eb068a7486:481:default"} []
[2023-09-13 13:45:00] main.INFO: Starting worker 33eb068a7486:497:prio {"type":"start","worker":"33eb068a7486:497:prio"} []
[2023-09-13 13:45:01] main.INFO: Starting worker 33eb068a7486:513:cache {"type":"start","worker":"33eb068a7486:513:cache"} []
[2023-09-13 13:45:01] main.INFO: Starting worker 33eb068a7486:529:email {"type":"start","worker":"33eb068a7486:529:email"} []
[2023-09-13 13:45:02] main.INFO: Starting worker 33eb068a7486:545:update {"type":"start","worker":"33eb068a7486:545:update"} []
[2023-09-13 14:15:29] main.INFO: Starting worker 33eb068a7486:294:default {"type":"start","worker":"33eb068a7486:294:default"} []
[2023-09-13 14:15:29] main.INFO: Starting worker 33eb068a7486:307:prio {"type":"start","worker":"33eb068a7486:307:prio"} []
[2023-09-13 14:15:30] main.INFO: Starting worker 33eb068a7486:326:cache {"type":"start","worker":"33eb068a7486:326:cache"} []
[2023-09-13 14:15:30] main.INFO: Starting worker 33eb068a7486:342:email {"type":"start","worker":"33eb068a7486:342:email"} []
[2023-09-13 14:15:30] main.INFO: Starting worker 33eb068a7486:358:update {"type":"start","worker":"33eb068a7486:358:update"} []
[2023-09-13 14:26:25] main.ALERT: Redis exception caught: Connection lost {"type":"fail","log":"Connection lost","time":1694615185,"worker":"33eb068a7486:294"} []
[2023-09-13 14:26:25] main.ALERT: Redis exception caught: Connection lost {"type":"fail","log":"Connection lost","time":1694615185,"worker":"33eb068a7486:307"} []
[2023-09-13 14:26:25] main.ALERT: Redis exception caught: Connection lost {"type":"fail","log":"Connection lost","time":1694615185,"worker":"33eb068a7486:326"} []
[2023-09-13 14:26:25] main.ALERT: Redis exception caught: Connection lost {"type":"fail","log":"Connection lost","time":1694615185,"worker":"33eb068a7486:342"} []
[2023-09-13 14:26:30] main.ALERT: Redis exception caught: Redis server redis:6379 went away {"type":"fail","log":"Redis server redis:6379 went away","time":1694615190,"worker":"33eb068a7486:294"} []
[2023-09-13 14:26:30] main.ALERT: Redis exception caught: Redis server redis:6379 went away {"type":"fail","log":"Redis server redis:6379 went away","time":1694615190,"worker":"33eb068a7486:307"} []
[2023-09-13 14:26:30] main.ALERT: Redis exception caught: Redis server redis:6379 went away {"type":"fail","log":"Redis server redis:6379 went away","time":1694615190,"worker":"33eb068a7486:326"} []
[2023-09-13 14:26:30] main.ALERT: Redis exception caught: Redis server redis:6379 went away {"type":"fail","log":"Redis server redis:6379 went away","time":1694615190,"worker":"33eb068a7486:342"} []
