[2023-09-15 20:25:10] main.INFO: Starting worker 33eb068a7486:263:default {"type":"start","worker":"33eb068a7486:263:default"} []
[2023-09-15 20:25:11] main.INFO: Starting worker 33eb068a7486:279:prio {"type":"start","worker":"33eb068a7486:279:prio"} []
[2023-09-15 20:25:11] main.INFO: Starting worker 33eb068a7486:295:cache {"type":"start","worker":"33eb068a7486:295:cache"} []
[2023-09-15 20:25:11] main.INFO: Starting worker 33eb068a7486:311:email {"type":"start","worker":"33eb068a7486:311:email"} []
[2023-09-15 20:25:12] main.INFO: Starting worker 33eb068a7486:327:update {"type":"start","worker":"33eb068a7486:327:update"} []
[2023-09-15 20:35:10] main.INFO: Starting worker 69912d62887f:475:default {"type":"start","worker":"69912d62887f:475:default"} []
[2023-09-15 20:35:10] main.INFO: Starting worker 69912d62887f:491:prio {"type":"start","worker":"69912d62887f:491:prio"} []
[2023-09-15 20:35:10] main.INFO: Starting worker 69912d62887f:507:cache {"type":"start","worker":"69912d62887f:507:cache"} []
[2023-09-15 20:35:10] main.INFO: Starting worker 69912d62887f:523:email {"type":"start","worker":"69912d62887f:523:email"} []
[2023-09-15 20:35:11] main.INFO: Starting worker 69912d62887f:539:update {"type":"start","worker":"69912d62887f:539:update"} []
[2023-09-15 20:40:32] main.INFO: Starting worker b00821b4a8a1:469:default {"type":"start","worker":"b00821b4a8a1:469:default"} []
[2023-09-15 20:40:32] main.INFO: Starting worker b00821b4a8a1:485:prio {"type":"start","worker":"b00821b4a8a1:485:prio"} []
[2023-09-15 20:40:33] main.INFO: Starting worker b00821b4a8a1:501:cache {"type":"start","worker":"b00821b4a8a1:501:cache"} []
[2023-09-15 20:40:33] main.INFO: Starting worker b00821b4a8a1:517:email {"type":"start","worker":"b00821b4a8a1:517:email"} []
[2023-09-15 20:40:34] main.INFO: Starting worker b00821b4a8a1:533:update {"type":"start","worker":"b00821b4a8a1:533:update"} []
[2023-09-15 20:50:26] main.INFO: Starting worker 739ff7da3879:438:default {"type":"start","worker":"739ff7da3879:438:default"} []
[2023-09-15 20:50:26] main.INFO: Starting worker 739ff7da3879:454:prio {"type":"start","worker":"739ff7da3879:454:prio"} []
[2023-09-15 20:50:26] main.INFO: Starting worker 739ff7da3879:470:cache {"type":"start","worker":"739ff7da3879:470:cache"} []
[2023-09-15 20:50:28] main.INFO: Starting worker 739ff7da3879:486:email {"type":"start","worker":"739ff7da3879:486:email"} []
[2023-09-15 20:50:28] main.INFO: Starting worker 739ff7da3879:502:update {"type":"start","worker":"739ff7da3879:502:update"} []
[2023-09-15 20:56:17] main.INFO: Starting worker 8afbb40752f9:407:default {"type":"start","worker":"8afbb40752f9:407:default"} []
[2023-09-15 20:56:17] main.INFO: Starting worker 8afbb40752f9:423:prio {"type":"start","worker":"8afbb40752f9:423:prio"} []
[2023-09-15 20:56:17] main.INFO: Starting worker 8afbb40752f9:439:cache {"type":"start","worker":"8afbb40752f9:439:cache"} []
[2023-09-15 20:56:18] main.INFO: Starting worker 8afbb40752f9:455:email {"type":"start","worker":"8afbb40752f9:455:email"} []
[2023-09-15 20:56:18] main.INFO: Starting worker 8afbb40752f9:471:update {"type":"start","worker":"8afbb40752f9:471:update"} []
[2023-09-15 21:11:28] main.INFO: Starting worker 8afbb40752f9:232:default {"type":"start","worker":"8afbb40752f9:232:default"} []
[2023-09-15 21:11:29] main.INFO: Starting worker 8afbb40752f9:248:prio {"type":"start","worker":"8afbb40752f9:248:prio"} []
[2023-09-15 21:11:29] main.INFO: Starting worker 8afbb40752f9:264:cache {"type":"start","worker":"8afbb40752f9:264:cache"} []
[2023-09-15 21:11:30] main.INFO: Starting worker 8afbb40752f9:280:email {"type":"start","worker":"8afbb40752f9:280:email"} []
[2023-09-15 21:11:30] main.INFO: Starting worker 8afbb40752f9:296:update {"type":"start","worker":"8afbb40752f9:296:update"} []
[2023-09-15 21:42:52] main.INFO: Starting worker faa70c0d84d7:395:default {"type":"start","worker":"faa70c0d84d7:395:default"} []
[2023-09-15 21:42:52] main.INFO: Starting worker faa70c0d84d7:411:prio {"type":"start","worker":"faa70c0d84d7:411:prio"} []
[2023-09-15 21:42:53] main.INFO: Starting worker faa70c0d84d7:427:cache {"type":"start","worker":"faa70c0d84d7:427:cache"} []
[2023-09-15 21:42:54] main.INFO: Starting worker faa70c0d84d7:443:email {"type":"start","worker":"faa70c0d84d7:443:email"} []
[2023-09-15 21:42:54] main.INFO: Starting worker faa70c0d84d7:459:update {"type":"start","worker":"faa70c0d84d7:459:update"} []
[2023-09-15 21:49:30] main.INFO: Starting worker fbdf16cf3962:375:default {"type":"start","worker":"fbdf16cf3962:375:default"} []
[2023-09-15 21:49:30] main.INFO: Starting worker fbdf16cf3962:391:prio {"type":"start","worker":"fbdf16cf3962:391:prio"} []
[2023-09-15 21:49:31] main.INFO: Starting worker fbdf16cf3962:407:cache {"type":"start","worker":"fbdf16cf3962:407:cache"} []
[2023-09-15 21:49:31] main.INFO: Starting worker fbdf16cf3962:423:email {"type":"start","worker":"fbdf16cf3962:423:email"} []
[2023-09-15 21:49:32] main.INFO: Starting worker fbdf16cf3962:439:update {"type":"start","worker":"fbdf16cf3962:439:update"} []
[2023-09-15 21:56:12] main.INFO: Starting worker 356b1fa5db5e:373:default {"type":"start","worker":"356b1fa5db5e:373:default"} []
[2023-09-15 21:56:12] main.INFO: Starting worker 356b1fa5db5e:389:prio {"type":"start","worker":"356b1fa5db5e:389:prio"} []
[2023-09-15 21:56:12] main.INFO: Starting worker 356b1fa5db5e:405:cache {"type":"start","worker":"356b1fa5db5e:405:cache"} []
[2023-09-15 21:56:13] main.INFO: Starting worker 356b1fa5db5e:421:email {"type":"start","worker":"356b1fa5db5e:421:email"} []
[2023-09-15 21:56:13] main.INFO: Starting worker 356b1fa5db5e:437:update {"type":"start","worker":"356b1fa5db5e:437:update"} []
[2023-09-15 22:36:18] main.INFO: Starting worker 399a515245da:402:default {"type":"start","worker":"399a515245da:402:default"} []
[2023-09-15 22:36:18] main.INFO: Starting worker 399a515245da:418:prio {"type":"start","worker":"399a515245da:418:prio"} []
[2023-09-15 22:36:19] main.INFO: Starting worker 399a515245da:434:cache {"type":"start","worker":"399a515245da:434:cache"} []
[2023-09-15 22:36:19] main.INFO: Starting worker 399a515245da:450:email {"type":"start","worker":"399a515245da:450:email"} []
[2023-09-15 22:36:21] main.INFO: Starting worker 399a515245da:466:update {"type":"start","worker":"399a515245da:466:update"} []
[2023-09-15 22:40:25] main.INFO: Starting worker c7b03deb5621:462:default {"type":"start","worker":"c7b03deb5621:462:default"} []
[2023-09-15 22:40:25] main.INFO: Starting worker c7b03deb5621:478:prio {"type":"start","worker":"c7b03deb5621:478:prio"} []
[2023-09-15 22:40:26] main.INFO: Starting worker c7b03deb5621:494:cache {"type":"start","worker":"c7b03deb5621:494:cache"} []
[2023-09-15 22:40:27] main.INFO: Starting worker c7b03deb5621:510:email {"type":"start","worker":"c7b03deb5621:510:email"} []
[2023-09-15 22:40:27] main.INFO: Starting worker c7b03deb5621:526:update {"type":"start","worker":"c7b03deb5621:526:update"} []
[2023-09-15 22:52:02] main.ALERT: Redis exception caught: read error on connection to redis:6379 {"type":"fail","log":"read error on connection to redis:6379","time":1694818322,"worker":"c7b03deb5621:494"} []
[2023-09-15 22:52:02] main.ALERT: Redis exception caught: read error on connection to redis:6379 {"type":"fail","log":"read error on connection to redis:6379","time":1694818322,"worker":"c7b03deb5621:510"} []
[2023-09-15 22:52:02] main.ALERT: Redis exception caught: read error on connection to redis:6379 {"type":"fail","log":"read error on connection to redis:6379","time":1694818322,"worker":"c7b03deb5621:526"} []
[2023-09-15 22:52:02] main.ALERT: Redis exception caught: read error on connection to redis:6379 {"type":"fail","log":"read error on connection to redis:6379","time":1694818322,"worker":"c7b03deb5621:462"} []
[2023-09-15 22:52:02] main.ALERT: Redis exception caught: read error on connection to redis:6379 {"type":"fail","log":"read error on connection to redis:6379","time":1694818322,"worker":"c7b03deb5621:478"} []
